<?xml version="1.0" encoding="UTF-8"?>
<!-- Generated by org.testng.reporters.JUnitReportReporter -->
<testsuite hostname="DESKTOP-SVQG98V" failures="0" tests="1" name="Ecommerce.LumaEcommerce.Login" time="43.058" errors="0" timestamp="2023-11-04T00:25:02 PDT" skipped="0">
  <testcase classname="Ecommerce.LumaEcommerce.Login" name="testCase" time="43.058"/>
  <system-out/>
</testsuite> <!-- Ecommerce.LumaEcommerce.Login -->
