<?xml version="1.0" encoding="UTF-8"?>
<!-- Generated by org.testng.reporters.JUnitReportReporter -->
<testsuite hostname="DESKTOP-SVQG98V" failures="0" tests="2" name="org.luma.ecommerce.testcases.E2EPurchase" time="51.798" errors="0" timestamp="2024-01-06T17:00:52 PST" skipped="1">
  <testcase classname="org.luma.ecommerce.testcases.E2EPurchase" name="purchaseFlow" time="37.541"/>
  <system-out/>
  <testcase classname="org.luma.ecommerce.testcases.E2EPurchase" name="purchaseFlow" time="14.257">
    <skipped/>
  </testcase> <!-- purchaseFlow -->
  <system-out/>
</testsuite> <!-- org.luma.ecommerce.testcases.E2EPurchase -->
