<?xml version="1.0" encoding="UTF-8"?>
<!-- Generated by org.testng.reporters.JUnitReportReporter -->
<testsuite hostname="DESKTOP-SVQG98V" failures="0" tests="1" name="Ecommerce.LumaEcommerce.LoginValidation" time="23.286" errors="0" timestamp="2023-11-04T00:25:02 PDT" skipped="0">
  <testcase classname="Ecommerce.LumaEcommerce.LoginValidation" name="errorValidation" time="23.286"/>
  <system-out/>
</testsuite> <!-- Ecommerce.LumaEcommerce.LoginValidation -->
