<?xml version="1.0" encoding="UTF-8"?>
<!-- Generated by org.testng.reporters.JUnitReportReporter -->
<testsuite hostname="DESKTOP-SVQG98V" failures="0" tests="2" name="org.luma.ecommerce.testcases.Login" time="35.624" errors="0" timestamp="2024-01-03T14:41:39 PST" skipped="0">
  <testcase classname="org.luma.ecommerce.testcases.Login" name="login" time="20.364"/>
  <system-out/>
  <testcase classname="org.luma.ecommerce.testcases.Login" name="login" time="15.260"/>
  <system-out/>
</testsuite> <!-- org.luma.ecommerce.testcases.Login -->
