<?xml version="1.0" encoding="UTF-8"?>
<!-- Generated by org.testng.reporters.JUnitReportReporter -->
<testsuite hostname="DESKTOP-SVQG98V" failures="0" tests="2" name="org.luma.ecommerce.testcases.Login" time="47.939" errors="0" timestamp="2024-01-03T19:48:05 PST" skipped="0">
  <testcase classname="org.luma.ecommerce.testcases.Login" name="login" time="20.512"/>
  <system-out/>
  <testcase classname="org.luma.ecommerce.testcases.Login" name="login" time="27.427"/>
  <system-out/>
</testsuite> <!-- org.luma.ecommerce.testcases.Login -->
