<?xml version="1.0" encoding="UTF-8"?>
<!-- Generated by org.testng.reporters.JUnitReportReporter -->
<testsuite hostname="DESKTOP-SVQG98V" failures="0" tests="2" name="org.luma.ecommerce.testcases.Login" time="31.045" errors="0" timestamp="2023-11-10T15:48:05 PST" skipped="0">
  <testcase classname="org.luma.ecommerce.testcases.Login" name="login" time="14.352"/>
  <system-out/>
  <testcase classname="org.luma.ecommerce.testcases.Login" name="login" time="16.693"/>
  <system-out/>
</testsuite> <!-- org.luma.ecommerce.testcases.Login -->
