<?xml version="1.0" encoding="UTF-8"?>
<!-- Generated by org.testng.reporters.JUnitReportReporter -->
<testsuite hostname="DESKTOP-SVQG98V" failures="0" tests="1" name="org.luma.ecommerce.testcases.Negative_Validation" time="18.809" errors="0" timestamp="2024-01-22T17:18:26 PST" skipped="0">
  <testcase classname="org.luma.ecommerce.testcases.Negative_Validation" name="loginNegative_Validation" time="18.809"/>
  <system-out/>
</testsuite> <!-- org.luma.ecommerce.testcases.Negative_Validation -->
