<?xml version="1.0" encoding="UTF-8"?>
<!-- Generated by org.testng.reporters.JUnitReportReporter -->
<testsuite hostname="DESKTOP-SVQG98V" failures="0" tests="1" name="org.luma.ecommerce.testcases.Negative_Validation" time="14.847" errors="0" timestamp="2024-01-03T19:48:05 PST" skipped="0">
  <testcase classname="org.luma.ecommerce.testcases.Negative_Validation" name="loginNegative_Validation" time="14.847"/>
  <system-out/>
</testsuite> <!-- org.luma.ecommerce.testcases.Negative_Validation -->
