<?xml version="1.0" encoding="UTF-8"?>
<!-- Generated by org.testng.reporters.JUnitReportReporter -->
<testsuite hostname="DESKTOP-SVQG98V" failures="0" tests="1" name="org.luma.ecommerce.testcases.Sales_Purchase" time="42.390" errors="0" timestamp="2024-01-22T17:18:26 PST" skipped="0">
  <testcase classname="org.luma.ecommerce.testcases.Sales_Purchase" name="sales_purchase_flow" time="42.390"/>
  <system-out/>
</testsuite> <!-- org.luma.ecommerce.testcases.Sales_Purchase -->
