<?xml version="1.0" encoding="UTF-8"?>
<!-- Generated by org.testng.reporters.JUnitReportReporter -->
<testsuite hostname="DESKTOP-SVQG98V" failures="0" tests="1" name="org.luma.ecommerce.utils.DataReader" time="1.330" errors="0" timestamp="2023-11-21T12:23:31 PST" skipped="0">
  <testcase classname="org.luma.ecommerce.utils.DataReader" name="getExcelDdata" time="1.330"/>
  <system-out/>
</testsuite> <!-- org.luma.ecommerce.utils.DataReader -->
