<?xml version="1.0" encoding="UTF-8"?>
<!-- Generated by org.testng.reporters.JUnitReportReporter -->
<testsuite hostname="DESKTOP-SVQG98V" failures="0" tests="2" name="org.luma.ecommerce.testcases.E2EPurchase" time="78.822" errors="0" timestamp="2024-01-22T17:18:26 PST" skipped="1">
  <testcase classname="org.luma.ecommerce.testcases.E2EPurchase" name="purchaseFlow" time="36.632">
    <skipped/>
  </testcase> <!-- purchaseFlow -->
  <system-out/>
  <testcase classname="org.luma.ecommerce.testcases.E2EPurchase" name="purchaseFlow" time="42.190"/>
  <system-out/>
</testsuite> <!-- org.luma.ecommerce.testcases.E2EPurchase -->
