<?xml version="1.0" encoding="UTF-8"?>
<!-- Generated by org.testng.reporters.JUnitReportReporter -->
<testsuite hostname="DESKTOP-SVQG98V" failures="0" tests="2" name="org.luma.ecommerce.testcases.Login" time="27.459" errors="0" timestamp="2023-11-21T12:50:46 PST" skipped="0">
  <testcase classname="org.luma.ecommerce.testcases.Login" name="login" time="16.030"/>
  <system-out/>
  <testcase classname="org.luma.ecommerce.testcases.Login" name="login" time="11.429"/>
  <system-out/>
</testsuite> <!-- org.luma.ecommerce.testcases.Login -->
