<?xml version="1.0" encoding="UTF-8"?>
<!-- Generated by org.testng.reporters.JUnitReportReporter -->
<testsuite hostname="DESKTOP-SVQG98V" failures="0" tests="1" name="org.luma.ecommerce.reports.ExtentReports" time="22.517" errors="0" timestamp="2023-11-08T15:36:40 PST" skipped="0">
  <testcase classname="org.luma.ecommerce.reports.ExtentReports" name="driver" time="22.517"/>
  <system-out/>
</testsuite> <!-- org.luma.ecommerce.reports.ExtentReports -->
