<?xml version="1.0" encoding="UTF-8"?>
<!-- Generated by org.testng.reporters.JUnitReportReporter -->
<testsuite hostname="DESKTOP-SVQG98V" failures="0" tests="1" name="org.luma.ecommerce.testcases.E2EPurchase" time="36.623" errors="0" timestamp="2023-11-10T15:48:05 PST" skipped="0">
  <testcase classname="org.luma.ecommerce.testcases.E2EPurchase" name="purchaseFlow" time="36.623"/>
  <system-out/>
</testsuite> <!-- org.luma.ecommerce.testcases.E2EPurchase -->
