<?xml version="1.0" encoding="UTF-8"?>
<!-- Generated by org.testng.reporters.JUnitReportReporter -->
<testsuite skipped="0" hostname="DESKTOP-SVQG98V" name="org.luma.ecommerce.testcases.Login" tests="2" failures="0" timestamp="2023-11-17T23:02:52 PST" time="111.827" errors="0">
  <testcase name="login" time="68.924" classname="org.luma.ecommerce.testcases.Login"/>
  <system-out/>
  <testcase name="login" time="42.903" classname="org.luma.ecommerce.testcases.Login"/>
  <system-out/>
</testsuite> <!-- org.luma.ecommerce.testcases.Login -->
