<?xml version="1.0" encoding="UTF-8"?>
<!-- Generated by org.testng.reporters.JUnitReportReporter -->
<testsuite skipped="0" hostname="DESKTOP-SVQG98V" name="org.luma.ecommerce.testcases.Negative_Validation" tests="1" failures="0" timestamp="2023-11-17T23:02:52 PST" time="75.640" errors="0">
  <testcase name="loginNegative_Validation" time="75.640" classname="org.luma.ecommerce.testcases.Negative_Validation"/>
  <system-out/>
</testsuite> <!-- org.luma.ecommerce.testcases.Negative_Validation -->
