<?xml version="1.0" encoding="UTF-8"?>
<!-- Generated by org.testng.reporters.JUnitReportReporter -->
<testsuite skipped="2" hostname="DESKTOP-SVQG98V" name="org.luma.ecommerce.testcases.E2EPurchase" tests="3" failures="0" timestamp="2023-11-17T23:02:52 PST" time="162.427" errors="0">
  <testcase name="purchaseFlow" time="32.098" classname="org.luma.ecommerce.testcases.E2EPurchase">
    <skipped/>
  </testcase> <!-- purchaseFlow -->
  <system-out/>
  <testcase name="purchaseFlow" time="67.973" classname="org.luma.ecommerce.testcases.E2EPurchase"/>
  <system-out/>
  <testcase name="purchaseFlow" time="62.356" classname="org.luma.ecommerce.testcases.E2EPurchase">
    <skipped/>
  </testcase> <!-- purchaseFlow -->
  <system-out/>
</testsuite> <!-- org.luma.ecommerce.testcases.E2EPurchase -->
